                     :-) GROMACS - gmx pdb2gmx, 2021.1 (-:

                            GROMACS is written by:
     Andrey Alekseenko              Emile Apol              Rossen Apostolov     
         Paul Bauer           Herman J.C. Berendsen           Par Bjelkmar       
       Christian Blau           Viacheslav Bolnykh             Kevin Boyd        
     Aldert van Buuren           Rudi van Drunen             Anton Feenstra      
    Gilles Gouaillardet             Alan Gray               Gerrit Groenhof      
       Anca Hamuraru            Vincent Hindriksen          M. Eric Irrgang      
      Aleksei Iupinov           Christoph Junghans             Joe Jordan        
    Dimitrios Karkoulis            Peter Kasson                Jiri Kraus        
      Carsten Kutzner              Per Larsson              Justin A. Lemkul     
       Viveca Lindahl            Magnus Lundborg             Erik Marklund       
        Pascal Merz             Pieter Meulenhoff            Teemu Murtola       
        Szilard Pall               Sander Pronk              Roland Schulz       
       Michael Shirts            Alexey Shvetsov             Alfons Sijbers      
       Peter Tieleman              Jon Vincent              Teemu Virolainen     
     Christian Wennberg            Maarten Wolf              Artem Zhmurov       
                           and the project leaders:
        Mark Abraham, Berk Hess, Erik Lindahl, and David van der Spoel

Copyright (c) 1991-2000, University of Groningen, The Netherlands.
Copyright (c) 2001-2019, The GROMACS development team at
Uppsala University, Stockholm University and
the Royal Institute of Technology, Sweden.
check out http://www.gromacs.org for more information.

GROMACS is free software; you can redistribute it and/or modify it
under the terms of the GNU Lesser General Public License
as published by the Free Software Foundation; either version 2.1
of the License, or (at your option) any later version.

GROMACS:      gmx pdb2gmx, version 2021.1
Executable:   /usr/local/gromacs/bin/gmx
Data prefix:  /usr/local/gromacs
Working dir:  /home/anton/GIT/phbuilder/new
Command line:
  gmx pdb2gmx -f 1cvo_PR1.pdb -o 1cvo_PR2.pdb -asp -glu -ignh -ff charmm36-mar2019 -water tip3p -ter

Opening force field file /usr/local/gromacs/share/gromacs/top/charmm36-mar2019.ff/merged.r2b
All occupancy fields zero. This is probably not an X-Ray structure
Opening force field file /usr/local/gromacs/share/gromacs/top/charmm36-mar2019.ff/atomtypes.atp
Opening force field file /usr/local/gromacs/share/gromacs/top/charmm36-mar2019.ff/merged.rtp
Opening force field file /usr/local/gromacs/share/gromacs/top/charmm36-mar2019.ff/merged.hdb
Opening force field file /usr/local/gromacs/share/gromacs/top/charmm36-mar2019.ff/merged.n.tdb
Opening force field file /usr/local/gromacs/share/gromacs/top/charmm36-mar2019.ff/merged.c.tdb
Using the Charmm36-mar2019 force field in directory charmm36-mar2019.ff

going to rename charmm36-mar2019.ff/merged.r2b
Reading 1cvo_PR1.pdb...
Read 'CARDIOTOXIN V IN WATER', 486 atoms

Analyzing pdb file
Splitting chemical chains based on TER records or chain id changing.

There are 1 chains and 0 blocks of water and 62 residues with 486 atoms

  chain  #res #atoms

  1 'A'    62    486  

All occupancy fields zero. This is probably not an X-Ray structure

Reading residue database... (Charmm36-mar2019)

Processing chain 1 'A' (486 atoms, 62 residues)
Which ASPARTIC ACID type do you want for residue 42
0. Not protonated (charge -1) (ASP)
1. Protonated (charge 0) (ASPP)

Type a number:Which ASPARTIC ACID type do you want for residue 59
0. Not protonated (charge -1) (ASP)
1. Protonated (charge 0) (ASPP)

Type a number:Which GLUTAMIC ACID type do you want for residue 17
0. Not protonated (charge -1) (GLU)
1. Protonated (charge 0) (GLUP)

Type a number:Analysing hydrogen-bonding network for automated assignment of histidine
 protonation. 92 donors and 82 acceptors were found.
There are 136 hydrogen bonds
Will use HISE for residue 4
8 out of 8 lines of specbond.dat converted successfully
Special Atom Distance matrix:
                    CYS3    HIS4   CYS15   CYS22   CYS40   CYS44   CYS55
                    SG23   NE233   SG125   SG176   SG324   SG351   SG436
    HIS4   NE233   0.765
   CYS15   SG125   0.538   1.174
   CYS22   SG176   0.206   0.970   0.468
   CYS40   SG324   0.445   1.070   0.202   0.397
   CYS44   SG351   1.218   1.841   1.332   1.063   1.248
   CYS55   SG436   1.116   1.692   1.283   0.984   1.173   0.203
   CYS56   SG442   0.826   1.309   1.194   0.756   1.145   0.906   0.863
   CYS61   SG478   0.757   1.181   1.159   0.725   1.122   1.094   1.040
                   CYS56
                   SG442
   CYS61   SG478   0.207
Linking CYS-3 SG-23 and CYS-22 SG-176...
Linking CYS-15 SG-125 and CYS-40 SG-324...
Linking CYS-44 SG-351 and CYS-55 SG-436...
Linking CYS-56 SG-442 and CYS-61 SG-478...
Opening force field file /usr/local/gromacs/share/gromacs/top/charmm36-mar2019.ff/merged.arn
Before cleaning: 2694 pairs
Before cleaning: 2724 dihedrals
Keeping all generated dihedrals

GROMACS reminds you: "Yeah, a Wuzz, Or a Jerk" (F. Black)


Identified residue LEU1 as a starting terminus.

Identified residue ASN62 as a ending terminus.
Select start terminus type for LEU-1
 0: NH3+
 1: NH2
 2: 5TER
 3: None
Start terminus LEU-1: NH2
Select end terminus type for ASN-62
 0: COO-
 1: COOH
 2: CT2
 3: 3TER
 4: None
End terminus ASN-62: COOH

Checking for duplicate atoms....

Generating any missing hydrogen atoms and/or adding termini.

Now there are 62 residues with 993 atoms

Making bonds...

Number of bonds was 1008, now 1008

Generating angles, dihedrals and pairs...

Making cmap torsions...

There are   60 cmap torsion pairs

There are 2724 dihedrals,  159 impropers, 1842 angles
          2676 pairs,     1008 bonds and     0 virtual sites

Total mass 7018.466 a.m.u.

Total charge 12.000 e

Writing topology

Writing coordinate file...

		--------- PLEASE NOTE ------------

You have successfully generated a topology from: 1cvo_PR1.pdb.

The Charmm36-mar2019 force field and the tip3p water model are used.

		--------- ETON ESAELP ------------
                     :-) GROMACS - gmx editconf, 2021.1 (-:

                            GROMACS is written by:
     Andrey Alekseenko              Emile Apol              Rossen Apostolov     
         Paul Bauer           Herman J.C. Berendsen           Par Bjelkmar       
       Christian Blau           Viacheslav Bolnykh             Kevin Boyd        
     Aldert van Buuren           Rudi van Drunen             Anton Feenstra      
    Gilles Gouaillardet             Alan Gray               Gerrit Groenhof      
       Anca Hamuraru            Vincent Hindriksen          M. Eric Irrgang      
      Aleksei Iupinov           Christoph Junghans             Joe Jordan        
    Dimitrios Karkoulis            Peter Kasson                Jiri Kraus        
      Carsten Kutzner              Per Larsson              Justin A. Lemkul     
       Viveca Lindahl            Magnus Lundborg             Erik Marklund       
        Pascal Merz             Pieter Meulenhoff            Teemu Murtola       
        Szilard Pall               Sander Pronk              Roland Schulz       
       Michael Shirts            Alexey Shvetsov             Alfons Sijbers      
       Peter Tieleman              Jon Vincent              Teemu Virolainen     
     Christian Wennberg            Maarten Wolf              Artem Zhmurov       
                           and the project leaders:
        Mark Abraham, Berk Hess, Erik Lindahl, and David van der Spoel

Copyright (c) 1991-2000, University of Groningen, The Netherlands.
Copyright (c) 2001-2019, The GROMACS development team at
Uppsala University, Stockholm University and
the Royal Institute of Technology, Sweden.
check out http://www.gromacs.org for more information.

GROMACS is free software; you can redistribute it and/or modify it
under the terms of the GNU Lesser General Public License
as published by the Free Software Foundation; either version 2.1
of the License, or (at your option) any later version.

GROMACS:      gmx editconf, version 2021.1
Executable:   /usr/local/gromacs/bin/gmx
Data prefix:  /usr/local/gromacs
Working dir:  /home/anton/GIT/phbuilder/new
Command line:
  gmx editconf -f 1cvo_PR2.pdb -o 1cvo_BOX.pdb -d 1.0 -bt cubic


GROMACS reminds you: "Yeah, a Wuzz, Or a Jerk" (F. Black)

Note that major changes are planned in future for editconf, to improve usability and utility.
Read 993 atoms
Volume: 0.001 nm^3, corresponds to roughly 0 electrons
No velocities found
    system size :  2.925  3.915  3.151 (nm)
    diameter    :  4.130               (nm)
    center      :  0.001  0.002 -0.001 (nm)
    box vectors :  0.100  0.100  0.100 (nm)
    box angles  :  90.00  90.00  90.00 (degrees)
    box volume  :   0.00               (nm^3)
    shift       :  3.063  3.063  3.066 (nm)
new center      :  3.065  3.065  3.065 (nm)
new box vectors :  6.130  6.130  6.130 (nm)
new box angles  :  90.00  90.00  90.00 (degrees)
new box volume  : 230.31               (nm^3)
                 :-) GROMACS - gmx insert-molecules, 2021.1 (-:

                            GROMACS is written by:
     Andrey Alekseenko              Emile Apol              Rossen Apostolov     
         Paul Bauer           Herman J.C. Berendsen           Par Bjelkmar       
       Christian Blau           Viacheslav Bolnykh             Kevin Boyd        
     Aldert van Buuren           Rudi van Drunen             Anton Feenstra      
    Gilles Gouaillardet             Alan Gray               Gerrit Groenhof      
       Anca Hamuraru            Vincent Hindriksen          M. Eric Irrgang      
      Aleksei Iupinov           Christoph Junghans             Joe Jordan        
    Dimitrios Karkoulis            Peter Kasson                Jiri Kraus        
      Carsten Kutzner              Per Larsson              Justin A. Lemkul     
       Viveca Lindahl            Magnus Lundborg             Erik Marklund       
        Pascal Merz             Pieter Meulenhoff            Teemu Murtola       
        Szilard Pall               Sander Pronk              Roland Schulz       
       Michael Shirts            Alexey Shvetsov             Alfons Sijbers      
       Peter Tieleman              Jon Vincent              Teemu Virolainen     
     Christian Wennberg            Maarten Wolf              Artem Zhmurov       
                           and the project leaders:
        Mark Abraham, Berk Hess, Erik Lindahl, and David van der Spoel

Copyright (c) 1991-2000, University of Groningen, The Netherlands.
Copyright (c) 2001-2019, The GROMACS development team at
Uppsala University, Stockholm University and
the Royal Institute of Technology, Sweden.
check out http://www.gromacs.org for more information.

GROMACS is free software; you can redistribute it and/or modify it
under the terms of the GNU Lesser General Public License
as published by the Free Software Foundation; either version 2.1
of the License, or (at your option) any later version.

GROMACS:      gmx insert-molecules, version 2021.1
Executable:   /usr/local/gromacs/bin/gmx
Data prefix:  /usr/local/gromacs
Working dir:  /home/anton/GIT/phbuilder/new
Command line:
  gmx insert-molecules -f 1cvo_BOX.pdb -o 1cvo_BUF.pdb -ci /home/anton/GIT/phbuilder/grom/buffer.pdb -nmol 3 -scale 1.0 -radius 1.0 -try 3333

Reading solute configuration
Initialising inter-atomic distances...

WARNING: Masses and atomic (Van der Waals) radii will be guessed
         based on residue and atom names, since they could not be
         definitively assigned from the information in your input
         files. These guessed numbers might deviate from the mass
         and radius of the atom type. Please check the output
         files if necessary.

NOTE: From version 5.0 gmx insert-molecules uses the Van der Waals radii
from the source below. This means the results may be different
compared to previous GROMACS versions.

++++ PLEASE READ AND CITE THE FOLLOWING REFERENCE ++++
A. Bondi
van der Waals Volumes and Radii
J. Phys. Chem. 68 (1964) pp. 441-451
-------- -------- --- Thank You --- -------- --------

Using random seed -542564525
Try 1 success (now 996 atoms)!
Try 2Try 3Try 4Try 5Try 6Try 7Try 8 success (now 999 atoms)!
Try 9Try 10Try 11Try 12Try 13 success (now 1002 atoms)!

Added 3 molecules (out of 3 requested)
Writing generated configuration to 1cvo_BUF.pdb

Output configuration contains 1002 atoms in 65 residues

GROMACS reminds you: "Yeah, a Wuzz, Or a Jerk" (F. Black)

                     :-) GROMACS - gmx solvate, 2021.1 (-:

                            GROMACS is written by:
     Andrey Alekseenko              Emile Apol              Rossen Apostolov     
         Paul Bauer           Herman J.C. Berendsen           Par Bjelkmar       
       Christian Blau           Viacheslav Bolnykh             Kevin Boyd        
     Aldert van Buuren           Rudi van Drunen             Anton Feenstra      
    Gilles Gouaillardet             Alan Gray               Gerrit Groenhof      
       Anca Hamuraru            Vincent Hindriksen          M. Eric Irrgang      
      Aleksei Iupinov           Christoph Junghans             Joe Jordan        
    Dimitrios Karkoulis            Peter Kasson                Jiri Kraus        
      Carsten Kutzner              Per Larsson              Justin A. Lemkul     
       Viveca Lindahl            Magnus Lundborg             Erik Marklund       
        Pascal Merz             Pieter Meulenhoff            Teemu Murtola       
        Szilard Pall               Sander Pronk              Roland Schulz       
       Michael Shirts            Alexey Shvetsov             Alfons Sijbers      
       Peter Tieleman              Jon Vincent              Teemu Virolainen     
     Christian Wennberg            Maarten Wolf              Artem Zhmurov       
                           and the project leaders:
        Mark Abraham, Berk Hess, Erik Lindahl, and David van der Spoel

Copyright (c) 1991-2000, University of Groningen, The Netherlands.
Copyright (c) 2001-2019, The GROMACS development team at
Uppsala University, Stockholm University and
the Royal Institute of Technology, Sweden.
check out http://www.gromacs.org for more information.

GROMACS is free software; you can redistribute it and/or modify it
under the terms of the GNU Lesser General Public License
as published by the Free Software Foundation; either version 2.1
of the License, or (at your option) any later version.

GROMACS:      gmx solvate, version 2021.1
Executable:   /usr/local/gromacs/bin/gmx
Data prefix:  /usr/local/gromacs
Working dir:  /home/anton/GIT/phbuilder/new
Command line:
  gmx solvate -cp 1cvo_BUF.pdb -o 1cvo_SOL.pdb -p topol.top

Reading solute configuration
Reading solvent configuration

Initialising inter-atomic distances...

WARNING: Masses and atomic (Van der Waals) radii will be guessed
         based on residue and atom names, since they could not be
         definitively assigned from the information in your input
         files. These guessed numbers might deviate from the mass
         and radius of the atom type. Please check the output
         files if necessary.

NOTE: From version 5.0 gmx solvate uses the Van der Waals radii
from the source below. This means the results may be different
compared to previous GROMACS versions.

++++ PLEASE READ AND CITE THE FOLLOWING REFERENCE ++++
A. Bondi
van der Waals Volumes and Radii
J. Phys. Chem. 68 (1964) pp. 441-451
-------- -------- --- Thank You --- -------- --------

Generating solvent configuration
Will generate new solvent configuration of 4x4x4 boxes
Solvent box contains 26610 atoms in 8870 residues
Removed 3606 solvent atoms due to solvent-solvent overlap
Removed 951 solvent atoms due to solute-solvent overlap
Sorting configuration
Found 1 molecule type:
    SOL (   3 atoms):  7351 residues
Generated solvent containing 22053 atoms in 7351 residues
Writing generated configuration to 1cvo_SOL.pdb

Output configuration contains 23055 atoms in 7416 residues
Volume                 :     230.301 (nm^3)
Density                :      1009.5 (g/l)
Number of solvent molecules:   7351   

Processing topology

Back Off! I just backed up topol.top to ./#topol.top.1#

GROMACS reminds you: "Yeah, a Wuzz, Or a Jerk" (F. Black)

Adding line for 7351 solvent molecules with resname (SOL) to topology file (topol.top)
                      :-) GROMACS - gmx grompp, 2021.1 (-:

                            GROMACS is written by:
     Andrey Alekseenko              Emile Apol              Rossen Apostolov     
         Paul Bauer           Herman J.C. Berendsen           Par Bjelkmar       
       Christian Blau           Viacheslav Bolnykh             Kevin Boyd        
     Aldert van Buuren           Rudi van Drunen             Anton Feenstra      
    Gilles Gouaillardet             Alan Gray               Gerrit Groenhof      
       Anca Hamuraru            Vincent Hindriksen          M. Eric Irrgang      
      Aleksei Iupinov           Christoph Junghans             Joe Jordan        
    Dimitrios Karkoulis            Peter Kasson                Jiri Kraus        
      Carsten Kutzner              Per Larsson              Justin A. Lemkul     
       Viveca Lindahl            Magnus Lundborg             Erik Marklund       
        Pascal Merz             Pieter Meulenhoff            Teemu Murtola       
        Szilard Pall               Sander Pronk              Roland Schulz       
       Michael Shirts            Alexey Shvetsov             Alfons Sijbers      
       Peter Tieleman              Jon Vincent              Teemu Virolainen     
     Christian Wennberg            Maarten Wolf              Artem Zhmurov       
                           and the project leaders:
        Mark Abraham, Berk Hess, Erik Lindahl, and David van der Spoel

Copyright (c) 1991-2000, University of Groningen, The Netherlands.
Copyright (c) 2001-2019, The GROMACS development team at
Uppsala University, Stockholm University and
the Royal Institute of Technology, Sweden.
check out http://www.gromacs.org for more information.

GROMACS is free software; you can redistribute it and/or modify it
under the terms of the GNU Lesser General Public License
as published by the Free Software Foundation; either version 2.1
of the License, or (at your option) any later version.

GROMACS:      gmx grompp, version 2021.1
Executable:   /usr/local/gromacs/bin/gmx
Data prefix:  /usr/local/gromacs
Working dir:  /home/anton/GIT/phbuilder/new
Command line:
  gmx grompp -f IONS.mdp -c 1cvo_SOL.pdb -p topol.top -o IONS.tpr


NOTE 1 [file IONS.mdp]:
  For a correct single-point energy evaluation with nsteps = 0, use
  continuation = yes to avoid constraining the input coordinates.

Generating 1-4 interactions: fudge = 1

NOTE 2 [file topol.top, line 23]:
  System has non-zero total charge: 12.000000
  Total charge should normally be an integer. See
  http://www.gromacs.org/Documentation/Floating_Point_Arithmetic
  for discussion on how close it should be to an integer.
  



NOTE 3 [file topol.top, line 23]:
  The bond in molecule-type Protein_chain_A between atoms 90 OG1 and 91 HG1
  has an estimated oscillational period of 9.1e-03 ps, which is less than
  10 times the time step of 1.0e-03 ps.
  Maybe you forgot to change the constraints mdp option.

Number of degrees of freedom in T-Coupling group rest is 47109.00

NOTE 4 [file IONS.mdp]:
  NVE simulation with an initial temperature of zero: will use a Verlet
  buffer of 10%. Check your energy drift!


NOTE 5 [file IONS.mdp]:
  You are using a plain Coulomb cut-off, which might produce artifacts.
  You might want to consider using PME electrostatics.



There were 5 notes

GROMACS reminds you: "Yeah, a Wuzz, Or a Jerk" (F. Black)

Setting the LD random seed to -110338049

Generated 100032 of the 100128 non-bonded parameter combinations

Generated 65937 of the 100128 1-4 parameter combinations

Excluding 3 bonded neighbours molecule type 'Protein_chain_A'

Excluding 2 bonded neighbours molecule type 'BUF'

Excluding 2 bonded neighbours molecule type 'SOL'
Analysing residue names:
There are:    62    Protein residues
There are:     3      Other residues
There are:  7351      Water residues
Analysing Protein...
Analysing residues not classified as Protein/DNA/RNA/Water and splitting into groups...

This run will generate roughly 2 Mb of data
                      :-) GROMACS - gmx genion, 2021.1 (-:

                            GROMACS is written by:
     Andrey Alekseenko              Emile Apol              Rossen Apostolov     
         Paul Bauer           Herman J.C. Berendsen           Par Bjelkmar       
       Christian Blau           Viacheslav Bolnykh             Kevin Boyd        
     Aldert van Buuren           Rudi van Drunen             Anton Feenstra      
    Gilles Gouaillardet             Alan Gray               Gerrit Groenhof      
       Anca Hamuraru            Vincent Hindriksen          M. Eric Irrgang      
      Aleksei Iupinov           Christoph Junghans             Joe Jordan        
    Dimitrios Karkoulis            Peter Kasson                Jiri Kraus        
      Carsten Kutzner              Per Larsson              Justin A. Lemkul     
       Viveca Lindahl            Magnus Lundborg             Erik Marklund       
        Pascal Merz             Pieter Meulenhoff            Teemu Murtola       
        Szilard Pall               Sander Pronk              Roland Schulz       
       Michael Shirts            Alexey Shvetsov             Alfons Sijbers      
       Peter Tieleman              Jon Vincent              Teemu Virolainen     
     Christian Wennberg            Maarten Wolf              Artem Zhmurov       
                           and the project leaders:
        Mark Abraham, Berk Hess, Erik Lindahl, and David van der Spoel

Copyright (c) 1991-2000, University of Groningen, The Netherlands.
Copyright (c) 2001-2019, The GROMACS development team at
Uppsala University, Stockholm University and
the Royal Institute of Technology, Sweden.
check out http://www.gromacs.org for more information.

GROMACS is free software; you can redistribute it and/or modify it
under the terms of the GNU Lesser General Public License
as published by the Free Software Foundation; either version 2.1
of the License, or (at your option) any later version.

GROMACS:      gmx genion, version 2021.1
Executable:   /usr/local/gromacs/bin/gmx
Data prefix:  /usr/local/gromacs
Working dir:  /home/anton/GIT/phbuilder/new
Command line:
  gmx genion -s IONS.tpr -o 1cvo_ION.pdb -p topol.top -pname NA -nname CL -neutral

Reading file IONS.tpr, VERSION 2021.1 (single precision)
Reading file IONS.tpr, VERSION 2021.1 (single precision)
Group     0 (         System) has 23055 elements
Group     1 (        Protein) has   993 elements
Group     2 (      Protein-H) has   487 elements
Group     3 (        C-alpha) has    62 elements
Group     4 (       Backbone) has   186 elements
Group     5 (      MainChain) has   247 elements
Group     6 (   MainChain+Cb) has   307 elements
Group     7 (    MainChain+H) has   305 elements
Group     8 (      SideChain) has   688 elements
Group     9 (    SideChain-H) has   240 elements
Group    10 (    Prot-Masses) has   993 elements
Group    11 (    non-Protein) has 22062 elements
Group    12 (          Other) has     9 elements
Group    13 (            BUF) has     9 elements
Group    14 (          Water) has 22053 elements
Group    15 (            SOL) has 22053 elements
Group    16 (      non-Water) has  1002 elements
Select a group: Number of (3-atomic) solvent molecules: 7351

Back Off! I just backed up topol.top to ./#topol.top.2#
Using random seed -1146259458.
Replacing solvent molecule 2233 (atom 7701) with CL
Replacing solvent molecule 4650 (atom 14952) with CL
Replacing solvent molecule 3452 (atom 11358) with CL
Replacing solvent molecule 1996 (atom 6990) with CL
Replacing solvent molecule 937 (atom 3813) with CL
Replacing solvent molecule 150 (atom 1452) with CL
Replacing solvent molecule 6333 (atom 20001) with CL
Replacing solvent molecule 7024 (atom 22074) with CL
Replacing solvent molecule 3550 (atom 11652) with CL
Replacing solvent molecule 3584 (atom 11754) with CL
Replacing solvent molecule 5193 (atom 16581) with CL
Replacing solvent molecule 129 (atom 1389) with CL


GROMACS reminds you: "Yeah, a Wuzz, Or a Jerk" (F. Black)

Will try to add 0 NA ions and 12 CL ions.
Select a continuous group of solvent molecules
Selected 15: 'SOL'

Processing topology
Replacing 12 solute molecules in topology file (topol.top)  by 0 NA and 12 CL ions.
                      :-) GROMACS - gmx grompp, 2021.1 (-:

                            GROMACS is written by:
     Andrey Alekseenko              Emile Apol              Rossen Apostolov     
         Paul Bauer           Herman J.C. Berendsen           Par Bjelkmar       
       Christian Blau           Viacheslav Bolnykh             Kevin Boyd        
     Aldert van Buuren           Rudi van Drunen             Anton Feenstra      
    Gilles Gouaillardet             Alan Gray               Gerrit Groenhof      
       Anca Hamuraru            Vincent Hindriksen          M. Eric Irrgang      
      Aleksei Iupinov           Christoph Junghans             Joe Jordan        
    Dimitrios Karkoulis            Peter Kasson                Jiri Kraus        
      Carsten Kutzner              Per Larsson              Justin A. Lemkul     
       Viveca Lindahl            Magnus Lundborg             Erik Marklund       
        Pascal Merz             Pieter Meulenhoff            Teemu Murtola       
        Szilard Pall               Sander Pronk              Roland Schulz       
       Michael Shirts            Alexey Shvetsov             Alfons Sijbers      
       Peter Tieleman              Jon Vincent              Teemu Virolainen     
     Christian Wennberg            Maarten Wolf              Artem Zhmurov       
                           and the project leaders:
        Mark Abraham, Berk Hess, Erik Lindahl, and David van der Spoel

Copyright (c) 1991-2000, University of Groningen, The Netherlands.
Copyright (c) 2001-2019, The GROMACS development team at
Uppsala University, Stockholm University and
the Royal Institute of Technology, Sweden.
check out http://www.gromacs.org for more information.

GROMACS is free software; you can redistribute it and/or modify it
under the terms of the GNU Lesser General Public License
as published by the Free Software Foundation; either version 2.1
of the License, or (at your option) any later version.

GROMACS:      gmx grompp, version 2021.1
Executable:   /usr/local/gromacs/bin/gmx
Data prefix:  /usr/local/gromacs
Working dir:  /home/anton/GIT/phbuilder/new
Command line:
  gmx grompp -f EM.mdp -c 1cvo_ION.pdb -p topol.top -o EM.tpr -r 1cvo_ION.pdb

Generating 1-4 interactions: fudge = 1
Number of degrees of freedom in T-Coupling group rest is 47073.00

NOTE 1 [file EM.mdp]:
  Removing center of mass motion in the presence of position restraints
  might cause artifacts. When you are using position restraints to
  equilibrate a macro-molecule, the artifacts are usually negligible.


There was 1 note

GROMACS reminds you: "Beware of bugs in the above code; I have only proved it correct, not tried it." (Donald Knuth)

Setting the LD random seed to 1610317815

Generated 100032 of the 100128 non-bonded parameter combinations

Generated 65937 of the 100128 1-4 parameter combinations

Excluding 3 bonded neighbours molecule type 'Protein_chain_A'

Excluding 2 bonded neighbours molecule type 'BUF'

Excluding 2 bonded neighbours molecule type 'SOL'

Excluding 1 bonded neighbours molecule type 'CL'
Analysing residue names:
There are:    62    Protein residues
There are:     3      Other residues
There are:  7339      Water residues
There are:    12        Ion residues
Analysing Protein...
Analysing residues not classified as Protein/DNA/RNA/Water and splitting into groups...
Analysing residues not classified as Protein/DNA/RNA/Water and splitting into groups...
Calculating fourier grid dimensions for X Y Z
Using a fourier grid of 44x44x44, spacing 0.139 0.139 0.139

Estimate for the relative computational load of the PME mesh part: 0.14

This run will generate roughly 2 Mb of data
                      :-) GROMACS - gmx mdrun, 2021.1 (-:

                            GROMACS is written by:
     Andrey Alekseenko              Emile Apol              Rossen Apostolov     
         Paul Bauer           Herman J.C. Berendsen           Par Bjelkmar       
       Christian Blau           Viacheslav Bolnykh             Kevin Boyd        
     Aldert van Buuren           Rudi van Drunen             Anton Feenstra      
    Gilles Gouaillardet             Alan Gray               Gerrit Groenhof      
       Anca Hamuraru            Vincent Hindriksen          M. Eric Irrgang      
      Aleksei Iupinov           Christoph Junghans             Joe Jordan        
    Dimitrios Karkoulis            Peter Kasson                Jiri Kraus        
      Carsten Kutzner              Per Larsson              Justin A. Lemkul     
       Viveca Lindahl            Magnus Lundborg             Erik Marklund       
        Pascal Merz             Pieter Meulenhoff            Teemu Murtola       
        Szilard Pall               Sander Pronk              Roland Schulz       
       Michael Shirts            Alexey Shvetsov             Alfons Sijbers      
       Peter Tieleman              Jon Vincent              Teemu Virolainen     
     Christian Wennberg            Maarten Wolf              Artem Zhmurov       
                           and the project leaders:
        Mark Abraham, Berk Hess, Erik Lindahl, and David van der Spoel

Copyright (c) 1991-2000, University of Groningen, The Netherlands.
Copyright (c) 2001-2019, The GROMACS development team at
Uppsala University, Stockholm University and
the Royal Institute of Technology, Sweden.
check out http://www.gromacs.org for more information.

GROMACS is free software; you can redistribute it and/or modify it
under the terms of the GNU Lesser General Public License
as published by the Free Software Foundation; either version 2.1
of the License, or (at your option) any later version.

GROMACS:      gmx mdrun, version 2021.1
Executable:   /usr/local/gromacs/bin/gmx
Data prefix:  /usr/local/gromacs
Working dir:  /home/anton/GIT/phbuilder/new
Command line:
  gmx mdrun -deffnm EM -c 1cvo_EM.pdb

Reading file EM.tpr, VERSION 2021.1 (single precision)
1 GPU selected for this run.
Mapping of GPU IDs to the 1 GPU task in the 1 rank on this node:
  PP:0
PP tasks will do (non-perturbed) short-ranged interactions on the GPU
PP task will update and constrain coordinates on the CPU
Using 1 MPI thread
Using 16 OpenMP threads 


Steepest Descents:
   Tolerance (Fmax)   =  1.00000e+03
   Number of steps    =        25000

writing lowest energy coordinates.

Steepest Descents converged to Fmax < 1000 in 562 steps
Potential Energy  = -3.5361912e+05
Maximum force     =  9.7344653e+02 on atom 690
Norm of force     =  2.7213504e+01

GROMACS reminds you: "Bailed Out Of Edge Synchronization After 10,000 Iterations" (X/Motif)

                      :-) GROMACS - gmx grompp, 2021.1 (-:

                            GROMACS is written by:
     Andrey Alekseenko              Emile Apol              Rossen Apostolov     
         Paul Bauer           Herman J.C. Berendsen           Par Bjelkmar       
       Christian Blau           Viacheslav Bolnykh             Kevin Boyd        
     Aldert van Buuren           Rudi van Drunen             Anton Feenstra      
    Gilles Gouaillardet             Alan Gray               Gerrit Groenhof      
       Anca Hamuraru            Vincent Hindriksen          M. Eric Irrgang      
      Aleksei Iupinov           Christoph Junghans             Joe Jordan        
    Dimitrios Karkoulis            Peter Kasson                Jiri Kraus        
      Carsten Kutzner              Per Larsson              Justin A. Lemkul     
       Viveca Lindahl            Magnus Lundborg             Erik Marklund       
        Pascal Merz             Pieter Meulenhoff            Teemu Murtola       
        Szilard Pall               Sander Pronk              Roland Schulz       
       Michael Shirts            Alexey Shvetsov             Alfons Sijbers      
       Peter Tieleman              Jon Vincent              Teemu Virolainen     
     Christian Wennberg            Maarten Wolf              Artem Zhmurov       
                           and the project leaders:
        Mark Abraham, Berk Hess, Erik Lindahl, and David van der Spoel

Copyright (c) 1991-2000, University of Groningen, The Netherlands.
Copyright (c) 2001-2019, The GROMACS development team at
Uppsala University, Stockholm University and
the Royal Institute of Technology, Sweden.
check out http://www.gromacs.org for more information.

GROMACS is free software; you can redistribute it and/or modify it
under the terms of the GNU Lesser General Public License
as published by the Free Software Foundation; either version 2.1
of the License, or (at your option) any later version.

GROMACS:      gmx grompp, version 2021.1
Executable:   /usr/local/gromacs/bin/gmx
Data prefix:  /usr/local/gromacs
Working dir:  /home/anton/GIT/phbuilder/new
Command line:
  gmx grompp -f NVT.mdp -c 1cvo_EM.pdb -p topol.top -o NVT.tpr -r 1cvo_EM.pdb

